<?xml version="1.0" encoding="UTF-8"?>
<coverage generated="1488860730349" clover="3.2.0">
  <project timestamp="1488860730349" name="All files">
    <metrics statements="46" coveredstatements="46" conditionals="20" coveredconditionals="20" methods="7" coveredmethods="7" elements="73" coveredelements="73" complexity="0" loc="46" ncloc="46" packages="2" files="3" classes="3">
      <package name="src">
        <metrics statements="27" coveredstatements="27" conditionals="20" coveredconditionals="20" methods="4" coveredmethods="4"/>
        <file name="transformWith.js" path="/Users/public1/code/om/src/transformWith.js">
          <metrics statements="27" coveredstatements="27" conditionals="20" coveredconditionals="20" methods="4" coveredmethods="4"/>
          <line num="1" count="1" type="stmt"/>
          <line num="6" count="10" type="stmt"/>
          <line num="10" count="10" type="stmt"/>
          <line num="11" count="1" type="stmt"/>
          <line num="17" count="9" type="stmt"/>
          <line num="18" count="1" type="stmt"/>
          <line num="24" count="8" type="stmt"/>
          <line num="25" count="14" type="stmt"/>
          <line num="26" count="14" type="stmt"/>
          <line num="31" count="14" type="stmt"/>
          <line num="32" count="1" type="stmt"/>
          <line num="38" count="13" type="stmt"/>
          <line num="39" count="1" type="stmt"/>
          <line num="45" count="12" type="stmt"/>
          <line num="46" count="1" type="stmt"/>
          <line num="52" count="11" type="stmt"/>
          <line num="56" count="4" type="stmt"/>
          <line num="57" count="1" type="stmt"/>
          <line num="63" count="3" type="stmt"/>
          <line num="64" count="2" type="stmt"/>
          <line num="65" count="4" type="stmt"/>
          <line num="68" count="2" type="stmt"/>
          <line num="76" count="1" type="stmt"/>
          <line num="82" count="7" type="stmt"/>
          <line num="90" count="4" type="stmt"/>
          <line num="91" count="4" type="stmt"/>
          <line num="94" count="4" type="stmt"/>
        </file>
      </package>
      <package name="test.fixtures">
        <metrics statements="19" coveredstatements="19" conditionals="0" coveredconditionals="0" methods="3" coveredmethods="3"/>
        <file name="objects.js" path="/Users/public1/code/om/test/fixtures/objects.js">
          <metrics statements="7" coveredstatements="7" conditionals="0" coveredconditionals="0" methods="0" coveredmethods="0"/>
          <line num="1" count="1" type="stmt"/>
          <line num="6" count="1" type="stmt"/>
          <line num="11" count="1" type="stmt"/>
          <line num="16" count="1" type="stmt"/>
          <line num="21" count="1" type="stmt"/>
          <line num="26" count="1" type="stmt"/>
          <line num="32" count="1" type="stmt"/>
        </file>
        <file name="schemas.js" path="/Users/public1/code/om/test/fixtures/schemas.js">
          <metrics statements="12" coveredstatements="12" conditionals="0" coveredconditionals="0" methods="3" coveredmethods="3"/>
          <line num="1" count="1" type="stmt"/>
          <line num="14" count="1" type="stmt"/>
          <line num="15" count="1" type="stmt"/>
          <line num="19" count="1" type="stmt"/>
          <line num="31" count="1" type="stmt"/>
          <line num="43" count="1" type="stmt"/>
          <line num="53" count="1" type="stmt"/>
          <line num="59" count="1" type="stmt"/>
          <line num="73" count="1" type="stmt"/>
          <line num="79" count="1" type="stmt"/>
          <line num="86" count="1" type="stmt"/>
          <line num="92" count="1" type="stmt"/>
        </file>
      </package>
    </metrics>
  </project>
</coverage>
