{"/Users/public1/code/om/src/transformWith.js": {"path":"/Users/public1/code/om/src/transformWith.js","statementMap":{"0":{"start":{"line":1,"column":22},"end":{"line":95,"column":1}},"1":{"start":{"line":6,"column":25},"end":{"line":6,"column":31}},"2":{"start":{"line":10,"column":2},"end":{"line":12,"column":3}},"3":{"start":{"line":11,"column":4},"end":{"line":11,"column":52}},"4":{"start":{"line":17,"column":2},"end":{"line":19,"column":3}},"5":{"start":{"line":18,"column":4},"end":{"line":18,"column":60}},"6":{"start":{"line":24,"column":32},"end":{"line":85,"column":4}},"7":{"start":{"line":25,"column":34},"end":{"line":25,"column":39}},"8":{"start":{"line":26,"column":30},"end":{"line":26,"column":71}},"9":{"start":{"line":31,"column":4},"end":{"line":33,"column":5}},"10":{"start":{"line":32,"column":6},"end":{"line":32,"column":59}},"11":{"start":{"line":38,"column":4},"end":{"line":40,"column":5}},"12":{"start":{"line":39,"column":6},"end":{"line":39,"column":57}},"13":{"start":{"line":45,"column":4},"end":{"line":47,"column":5}},"14":{"start":{"line":46,"column":6},"end":{"line":46,"column":103}},"15":{"start":{"line":52,"column":4},"end":{"line":80,"column":5}},"16":{"start":{"line":56,"column":6},"end":{"line":79,"column":7}},"17":{"start":{"line":57,"column":8},"end":{"line":57,"column":71}},"18":{"start":{"line":63,"column":8},"end":{"line":71,"column":9}},"19":{"start":{"line":64,"column":23},"end":{"line":66,"column":12}},"20":{"start":{"line":65,"column":12},"end":{"line":65,"column":35}},"21":{"start":{"line":68,"column":10},"end":{"line":70,"column":12}},"22":{"start":{"line":76,"column":8},"end":{"line":78,"column":10}},"23":{"start":{"line":82,"column":4},"end":{"line":84,"column":6}},"24":{"start":{"line":90,"column":17},"end":{"line":92,"column":4}},"25":{"start":{"line":91,"column":4},"end":{"line":91,"column":45}},"26":{"start":{"line":94,"column":2},"end":{"line":94,"column":16}}},"fnMap":{"0":{"name":"(anonymous_0)","decl":{"start":{"line":1,"column":22},"end":{"line":1,"column":23}},"loc":{"start":{"line":1,"column":48},"end":{"line":95,"column":1}}},"1":{"name":"(anonymous_1)","decl":{"start":{"line":24,"column":47},"end":{"line":24,"column":48}},"loc":{"start":{"line":24,"column":56},"end":{"line":85,"column":3}}},"2":{"name":"(anonymous_2)","decl":{"start":{"line":64,"column":32},"end":{"line":64,"column":33}},"loc":{"start":{"line":64,"column":37},"end":{"line":66,"column":11}}},"3":{"name":"(anonymous_3)","decl":{"start":{"line":90,"column":46},"end":{"line":90,"column":47}},"loc":{"start":{"line":90,"column":66},"end":{"line":92,"column":3}}}},"branchMap":{"0":{"loc":{"start":{"line":10,"column":2},"end":{"line":12,"column":3}},"type":"if","locations":[{"start":{"line":10,"column":2},"end":{"line":12,"column":3}},{"start":{"line":10,"column":2},"end":{"line":12,"column":3}}]},"1":{"loc":{"start":{"line":17,"column":2},"end":{"line":19,"column":3}},"type":"if","locations":[{"start":{"line":17,"column":2},"end":{"line":19,"column":3}},{"start":{"line":17,"column":2},"end":{"line":19,"column":3}}]},"2":{"loc":{"start":{"line":26,"column":30},"end":{"line":26,"column":71}},"type":"binary-expr","locations":[{"start":{"line":26,"column":30},"end":{"line":26,"column":37}},{"start":{"line":26,"column":41},"end":{"line":26,"column":71}}]},"3":{"loc":{"start":{"line":31,"column":4},"end":{"line":33,"column":5}},"type":"if","locations":[{"start":{"line":31,"column":4},"end":{"line":33,"column":5}},{"start":{"line":31,"column":4},"end":{"line":33,"column":5}}]},"4":{"loc":{"start":{"line":38,"column":4},"end":{"line":40,"column":5}},"type":"if","locations":[{"start":{"line":38,"column":4},"end":{"line":40,"column":5}},{"start":{"line":38,"column":4},"end":{"line":40,"column":5}}]},"5":{"loc":{"start":{"line":45,"column":4},"end":{"line":47,"column":5}},"type":"if","locations":[{"start":{"line":45,"column":4},"end":{"line":47,"column":5}},{"start":{"line":45,"column":4},"end":{"line":47,"column":5}}]},"6":{"loc":{"start":{"line":45,"column":8},"end":{"line":45,"column":52}},"type":"binary-expr","locations":[{"start":{"line":45,"column":8},"end":{"line":45,"column":29}},{"start":{"line":45,"column":34},"end":{"line":45,"column":51}}]},"7":{"loc":{"start":{"line":52,"column":4},"end":{"line":80,"column":5}},"type":"if","locations":[{"start":{"line":52,"column":4},"end":{"line":80,"column":5}},{"start":{"line":52,"column":4},"end":{"line":80,"column":5}}]},"8":{"loc":{"start":{"line":56,"column":6},"end":{"line":79,"column":7}},"type":"if","locations":[{"start":{"line":56,"column":6},"end":{"line":79,"column":7}},{"start":{"line":56,"column":6},"end":{"line":79,"column":7}}]},"9":{"loc":{"start":{"line":63,"column":8},"end":{"line":71,"column":9}},"type":"if","locations":[{"start":{"line":63,"column":8},"end":{"line":71,"column":9}},{"start":{"line":63,"column":8},"end":{"line":71,"column":9}}]}},"s":{"0":1,"1":10,"2":10,"3":1,"4":9,"5":1,"6":8,"7":14,"8":14,"9":14,"10":1,"11":13,"12":1,"13":12,"14":1,"15":11,"16":4,"17":1,"18":3,"19":2,"20":4,"21":2,"22":1,"23":7,"24":4,"25":4,"26":4},"f":{"0":10,"1":14,"2":4,"3":4},"b":{"0":[1,9],"1":[1,8],"2":[14,11],"3":[1,13],"4":[1,12],"5":[1,11],"6":[12,3],"7":[4,7],"8":[1,3],"9":[2,1]},"_coverageSchema":"332fd63041d2c1bcb487cc26dd0d5f7d97098a6c","hash":"4d53a70a534f35e75372d1791c61dbc7a84a1056"}
,"/Users/public1/code/om/test/fixtures/objects.js": {"path":"/Users/public1/code/om/test/fixtures/objects.js","statementMap":{"0":{"start":{"line":1,"column":28},"end":{"line":4,"column":1}},"1":{"start":{"line":6,"column":28},"end":{"line":9,"column":1}},"2":{"start":{"line":11,"column":33},"end":{"line":14,"column":1}},"3":{"start":{"line":16,"column":31},"end":{"line":19,"column":1}},"4":{"start":{"line":21,"column":31},"end":{"line":24,"column":1}},"5":{"start":{"line":26,"column":35},"end":{"line":30,"column":1}},"6":{"start":{"line":32,"column":35},"end":{"line":35,"column":1}}},"fnMap":{},"branchMap":{},"s":{"0":1,"1":1,"2":1,"3":1,"4":1,"5":1,"6":1},"f":{},"b":{},"_coverageSchema":"332fd63041d2c1bcb487cc26dd0d5f7d97098a6c","hash":"cd2a74efd20ab708c74f6981b2694ff5f2f11465"}
,"/Users/public1/code/om/test/fixtures/schemas.js": {"path":"/Users/public1/code/om/test/fixtures/schemas.js","statementMap":{"0":{"start":{"line":1,"column":28},"end":{"line":12,"column":1}},"1":{"start":{"line":14,"column":29},"end":{"line":14,"column":31}},"2":{"start":{"line":15,"column":27},"end":{"line":17,"column":1}},"3":{"start":{"line":19,"column":33},"end":{"line":29,"column":1}},"4":{"start":{"line":31,"column":31},"end":{"line":41,"column":1}},"5":{"start":{"line":43,"column":34},"end":{"line":57,"column":1}},"6":{"start":{"line":53,"column":8},"end":{"line":53,"column":35}},"7":{"start":{"line":59,"column":43},"end":{"line":71,"column":1}},"8":{"start":{"line":73,"column":35},"end":{"line":90,"column":1}},"9":{"start":{"line":79,"column":8},"end":{"line":79,"column":39}},"10":{"start":{"line":86,"column":8},"end":{"line":86,"column":36}},"11":{"start":{"line":92,"column":49},"end":{"line":103,"column":1}}},"fnMap":{"0":{"name":"(anonymous_0)","decl":{"start":{"line":52,"column":15},"end":{"line":52,"column":16}},"loc":{"start":{"line":52,"column":26},"end":{"line":54,"column":7}}},"1":{"name":"(anonymous_1)","decl":{"start":{"line":78,"column":15},"end":{"line":78,"column":16}},"loc":{"start":{"line":78,"column":35},"end":{"line":80,"column":7}}},"2":{"name":"(anonymous_2)","decl":{"start":{"line":85,"column":15},"end":{"line":85,"column":16}},"loc":{"start":{"line":85,"column":32},"end":{"line":87,"column":7}}}},"branchMap":{},"s":{"0":1,"1":1,"2":1,"3":1,"4":1,"5":1,"6":1,"7":1,"8":1,"9":1,"10":1,"11":1},"f":{"0":1,"1":1,"2":1},"b":{},"_coverageSchema":"332fd63041d2c1bcb487cc26dd0d5f7d97098a6c","hash":"0fad69acfc0f2b6255487a897975c6853f9db7e4"}
}
