TN:
SF:/Users/public1/code/om/src/transformWith.js
FN:1,(anonymous_0)
FN:24,(anonymous_1)
FN:64,(anonymous_2)
FN:90,(anonymous_3)
FNF:4
FNH:4
FNDA:10,(anonymous_0)
FNDA:14,(anonymous_1)
FNDA:4,(anonymous_2)
FNDA:4,(anonymous_3)
DA:1,1
DA:6,10
DA:10,10
DA:11,1
DA:17,9
DA:18,1
DA:24,8
DA:25,14
DA:26,14
DA:31,14
DA:32,1
DA:38,13
DA:39,1
DA:45,12
DA:46,1
DA:52,11
DA:56,4
DA:57,1
DA:63,3
DA:64,2
DA:65,4
DA:68,2
DA:76,1
DA:82,7
DA:90,4
DA:91,4
DA:94,4
LF:27
LH:27
BRDA:10,0,0,1
BRDA:10,0,1,9
BRDA:17,1,0,1
BRDA:17,1,1,8
BRDA:26,2,0,14
BRDA:26,2,1,11
BRDA:31,3,0,1
BRDA:31,3,1,13
BRDA:38,4,0,1
BRDA:38,4,1,12
BRDA:45,5,0,1
BRDA:45,5,1,11
BRDA:45,6,0,12
BRDA:45,6,1,3
BRDA:52,7,0,4
BRDA:52,7,1,7
BRDA:56,8,0,1
BRDA:56,8,1,3
BRDA:63,9,0,2
BRDA:63,9,1,1
BRF:20
BRH:20
end_of_record
TN:
SF:/Users/public1/code/om/test/fixtures/objects.js
FNF:0
FNH:0
DA:1,1
DA:6,1
DA:11,1
DA:16,1
DA:21,1
DA:26,1
DA:32,1
LF:7
LH:7
BRF:0
BRH:0
end_of_record
TN:
SF:/Users/public1/code/om/test/fixtures/schemas.js
FN:52,(anonymous_0)
FN:78,(anonymous_1)
FN:85,(anonymous_2)
FNF:3
FNH:3
FNDA:1,(anonymous_0)
FNDA:1,(anonymous_1)
FNDA:1,(anonymous_2)
DA:1,1
DA:14,1
DA:15,1
DA:19,1
DA:31,1
DA:43,1
DA:53,1
DA:59,1
DA:73,1
DA:79,1
DA:86,1
DA:92,1
LF:12
LH:12
BRF:0
BRH:0
end_of_record
